#
# There is insufficient memory for the Java Runtime Environment to continue.
# Native memory allocation (mmap) failed to map 134217728 bytes for G1 virtual space
# Possible reasons:
#   The system is out of physical RAM or swap space
#   The process is running with CompressedOops enabled, and the Java Heap may be blocking the growth of the native heap
# Possible solutions:
#   Reduce memory load on the system
#   Increase physical memory or swap space
#   Check if swap backing store is full
#   Decrease Java heap size (-Xmx/-Xms)
#   Decrease number of Java threads
#   Decrease Java thread stack sizes (-Xss)
#   Set larger code cache with -XX:ReservedCodeCacheSize=
#   JVM is running with Unscaled Compressed Oops mode in which the Java heap is
#     placed in the first 4GB address space. The Java Heap base address is the
#     maximum limit for the native heap growth. Please use -XX:HeapBaseMinAddress
#     to set the Java Heap base and to place the Java Heap above 4GB virtual address.
# This output file may be truncated or incomplete.
#
#  Out of Memory Error (os_windows.cpp:3600), pid=20124, tid=13648
#
# JRE version:  (21.0.1+12) (build )
# Java VM: OpenJDK 64-Bit Server VM (21.0.1+12-29, mixed mode, sharing, tiered, compressed oops, compressed class ptrs, g1 gc, windows-amd64)
# No core dump will be written. Minidumps are not enabled by default on client versions of Windows
#

---------------  S U M M A R Y ------------

Command Line: -javaagent:C:\Users\haowe\AppData\Local\JetBrains\IntelliJ IDEA 2023.2.2\lib\idea_rt.jar=51814:C:\Users\haowe\AppData\Local\JetBrains\IntelliJ IDEA 2023.2.2\bin -Dfile.encoding=UTF-8 -Dsun.stdout.encoding=UTF-8 -Dsun.stderr.encoding=UTF-8 --module-path=C:\Users\haowe\.m2\repository\com\dlsc\formsfx\formsfx-core\11.5.0\formsfx-core-11.5.0.jar;C:\Users\haowe\.m2\repository\org\openjfx\javafx-controls\19-ea+7\javafx-controls-19-ea+7-win.jar;C:\Users\haowe\.m2\repository\com\google\code\gson\gson\2.10.1\gson-2.10.1.jar;C:\Users\haowe\OneDrive\Documents\Unreal Projects\Frontend\target\classes;C:\Users\haowe\.m2\repository\org\controlsfx\controlsfx\11.1.1\controlsfx-11.1.1.jar;C:\Users\haowe\.m2\repository\org\openjfx\javafx-base\19-ea+7\javafx-base-19-ea+7-win.jar;C:\Users\haowe\.m2\repository\org\openjfx\javafx-fxml\19-ea+7\javafx-fxml-19-ea+7-win.jar;C:\Users\haowe\.m2\repository\org\openjfx\javafx-graphics\19-ea+7\javafx-graphics-19-ea+7-win.jar -Djdk.module.main=com.vanderlelie.frontend com.vanderlelie.frontend/com.vanderlelie.frontend.VanDerLelieClient

Host: Intel(R) Core(TM) i5-8250U CPU @ 1.60GHz, 8 cores, 7G,  Windows 11 , 64 bit Build 22621 (10.0.22621.2428)
Time: Fri Nov  3 15:52:27 2023 W. Europe Standard Time elapsed time: 0.022209 seconds (0d 0h 0m 0s)

---------------  T H R E A D  ---------------

Current thread (0x00000171e6331c60):  JavaThread "Unknown thread" [_thread_in_vm, id=13648, stack(0x0000005a8a200000,0x0000005a8a300000) (1024K)]

Stack: [0x0000005a8a200000,0x0000005a8a300000]
Native frames: (J=compiled Java code, j=interpreted, Vv=VM code, C=native code)
V  [jvm.dll+0x6c9029]
V  [jvm.dll+0x854b81]
V  [jvm.dll+0x856e5e]
V  [jvm.dll+0x857543]
V  [jvm.dll+0x280c06]
V  [jvm.dll+0x6c5715]
V  [jvm.dll+0x6ba10a]
V  [jvm.dll+0x3557ea]
V  [jvm.dll+0x35d436]
V  [jvm.dll+0x3ae1be]
V  [jvm.dll+0x3ae468]
V  [jvm.dll+0x3291fc]
V  [jvm.dll+0x329d8b]
V  [jvm.dll+0x81d179]
V  [jvm.dll+0x3bb4f1]
V  [jvm.dll+0x805ae8]
V  [jvm.dll+0x44effe]
V  [jvm.dll+0x450901]
C  [jli.dll+0x52a3]
C  [ucrtbase.dll+0x29363]
C  [KERNEL32.DLL+0x1257d]
C  [ntdll.dll+0x5aa78]


---------------  P R O C E S S  ---------------

Threads class SMR info:
_java_thread_list=0x00007ffe8ae79b88, length=0, elements={
}

Java Threads: ( => current thread )
Total: 0

Other Threads:
  0x00000171e8558e60 WorkerThread "GC Thread#0"                     [id=8600, stack(0x0000005a8a300000,0x0000005a8a400000) (1024K)]
  0x00000171e8569c80 ConcurrentGCThread "G1 Main Marker"            [id=13156, stack(0x0000005a8a400000,0x0000005a8a500000) (1024K)]
  0x00000171e856ae30 WorkerThread "G1 Conc#0"                       [id=15496, stack(0x0000005a8a500000,0x0000005a8a600000) (1024K)]

[error occurred during error reporting (printing all threads), id 0xc0000005, EXCEPTION_ACCESS_VIOLATION (0xc0000005) at pc=0x00007ffe8a5ec2c7]
VM state: not at safepoint (not fully initialized)

VM Mutex/Monitor currently owned by a thread:  ([mutex/lock_event])
[0x00007ffe8aeea6f8] Heap_lock - owner thread: 0x00000171e6331c60

Heap address: 0x0000000081400000, size: 2028 MB, Compressed Oops mode: 32-bit

CDS archive(s) mapped at: [0x0000000000000000-0x0000000000000000-0x0000000000000000), size 0, SharedBaseAddress: 0x0000000800000000, ArchiveRelocationMode: 1.
Narrow klass base: 0x0000000000000000, Narrow klass shift: 0, Narrow klass range: 0x0

GC Precious Log:
 CardTable entry size: 512
 Card Set container configuration: InlinePtr #cards 5 size 8 Array Of Cards #cards 12 size 40 Howl #buckets 4 coarsen threshold 1843 Howl Bitmap #cards 512 size 80 coarsen threshold 460 Card regions per heap region 1 cards per card region 2048

Heap:
 garbage-first heap   total 0K, used 0K [0x0000000081400000, 0x0000000100000000)
  region size 1024K, 0 young (0K), 0 survivors (0K)

[error occurred during error reporting (printing heap information), id 0xc0000005, EXCEPTION_ACCESS_VIOLATION (0xc0000005) at pc=0x00007ffe8a9d1be9]
GC Heap History (0 events):
No events

Dll operation events (1 events):
Event: 0.015 Loaded shared library C:\Users\haowe\.jdks\openjdk-21.0.1\bin\java.dll

Deoptimization events (0 events):
No events

Classes loaded (0 events):
No events

Classes unloaded (0 events):
No events

Classes redefined (0 events):
No events

Internal exceptions (0 events):
No events

ZGC Phase Switch (0 events):
No events

VM Operations (0 events):
No events

Events (0 events):
No events


Dynamic libraries:
0x00007ff6e5790000 - 0x00007ff6e579e000 	C:\Users\haowe\.jdks\openjdk-21.0.1\bin\java.exe
0x00007ffed2d50000 - 0x00007ffed2f67000 	C:\WINDOWS\SYSTEM32\ntdll.dll
0x00007ffed1b70000 - 0x00007ffed1c34000 	C:\WINDOWS\System32\KERNEL32.DLL
0x00007ffed0570000 - 0x00007ffed0916000 	C:\WINDOWS\System32\KERNELBASE.dll
0x00007ffed01f0000 - 0x00007ffed0301000 	C:\WINDOWS\System32\ucrtbase.dll
0x00007ffec3ef0000 - 0x00007ffec3f08000 	C:\Users\haowe\.jdks\openjdk-21.0.1\bin\jli.dll
0x00007ffec3ed0000 - 0x00007ffec3eeb000 	C:\Users\haowe\.jdks\openjdk-21.0.1\bin\VCRUNTIME140.dll
0x00007ffed1e90000 - 0x00007ffed203d000 	C:\WINDOWS\System32\USER32.dll
0x00007ffed0540000 - 0x00007ffed0566000 	C:\WINDOWS\System32\win32u.dll
0x00007ffeb7db0000 - 0x00007ffeb8043000 	C:\WINDOWS\WinSxS\amd64_microsoft.windows.common-controls_6595b64144ccf1df_6.0.22621.2361_none_2712ced57382f843\COMCTL32.dll
0x00007ffed1c40000 - 0x00007ffed1c69000 	C:\WINDOWS\System32\GDI32.dll
0x00007ffed1550000 - 0x00007ffed15f7000 	C:\WINDOWS\System32\msvcrt.dll
0x00007ffed0920000 - 0x00007ffed0a38000 	C:\WINDOWS\System32\gdi32full.dll
0x00007ffed0150000 - 0x00007ffed01ea000 	C:\WINDOWS\System32\msvcp_win.dll
0x00007ffed1510000 - 0x00007ffed1541000 	C:\WINDOWS\System32\IMM32.DLL
0x00007ffeba1b0000 - 0x00007ffeba1bc000 	C:\Users\haowe\.jdks\openjdk-21.0.1\bin\vcruntime140_1.dll
0x00007ffeb0670000 - 0x00007ffeb06fe000 	C:\Users\haowe\.jdks\openjdk-21.0.1\bin\msvcp140.dll
0x00007ffe8a2b0000 - 0x00007ffe8afc5000 	C:\Users\haowe\.jdks\openjdk-21.0.1\bin\server\jvm.dll
0x00007ffed1ce0000 - 0x00007ffed1d90000 	C:\WINDOWS\System32\ADVAPI32.dll
0x00007ffed2780000 - 0x00007ffed2826000 	C:\WINDOWS\System32\sechost.dll
0x00007ffed1a50000 - 0x00007ffed1b67000 	C:\WINDOWS\System32\RPCRT4.dll
0x00007ffed1d90000 - 0x00007ffed1e01000 	C:\WINDOWS\System32\WS2_32.dll
0x00007ffecfb50000 - 0x00007ffecfb9d000 	C:\WINDOWS\SYSTEM32\POWRPROF.dll
0x00007ffec5580000 - 0x00007ffec55b4000 	C:\WINDOWS\SYSTEM32\WINMM.dll
0x00007ffec19e0000 - 0x00007ffec19ea000 	C:\WINDOWS\SYSTEM32\VERSION.dll
0x00007ffecfa30000 - 0x00007ffecfa43000 	C:\WINDOWS\SYSTEM32\UMPDC.dll
0x00007ffecf0e0000 - 0x00007ffecf0f8000 	C:\WINDOWS\SYSTEM32\kernel.appcore.dll
0x00007ffeba1a0000 - 0x00007ffeba1aa000 	C:\Users\haowe\.jdks\openjdk-21.0.1\bin\jimage.dll
0x00007ffecd920000 - 0x00007ffecdb4e000 	C:\WINDOWS\SYSTEM32\DBGHELP.DLL
0x00007ffed2380000 - 0x00007ffed270a000 	C:\WINDOWS\System32\combase.dll
0x00007ffed2070000 - 0x00007ffed2147000 	C:\WINDOWS\System32\OLEAUT32.dll
0x00007ffeb6d00000 - 0x00007ffeb6d32000 	C:\WINDOWS\SYSTEM32\dbgcore.DLL
0x00007ffed00d0000 - 0x00007ffed014a000 	C:\WINDOWS\System32\bcryptPrimitives.dll
0x00007ffec3fe0000 - 0x00007ffec3fef000 	C:\Users\haowe\.jdks\openjdk-21.0.1\bin\instrument.dll
0x00007ffeb9680000 - 0x00007ffeb969f000 	C:\Users\haowe\.jdks\openjdk-21.0.1\bin\java.dll

dbghelp: loaded successfully - version: 4.0.5 - missing functions: none
symbol engine: initialized successfully - sym options: 0x614 - pdb path: .;C:\Users\haowe\.jdks\openjdk-21.0.1\bin;C:\WINDOWS\SYSTEM32;C:\WINDOWS\WinSxS\amd64_microsoft.windows.common-controls_6595b64144ccf1df_6.0.22621.2361_none_2712ced57382f843;C:\Users\haowe\.jdks\openjdk-21.0.1\bin\server

VM Arguments:
jvm_args: -javaagent:C:\Users\haowe\AppData\Local\JetBrains\IntelliJ IDEA 2023.2.2\lib\idea_rt.jar=51814:C:\Users\haowe\AppData\Local\JetBrains\IntelliJ IDEA 2023.2.2\bin -Dfile.encoding=UTF-8 -Dsun.stdout.encoding=UTF-8 -Dsun.stderr.encoding=UTF-8 --module-path=C:\Users\haowe\.m2\repository\com\dlsc\formsfx\formsfx-core\11.5.0\formsfx-core-11.5.0.jar;C:\Users\haowe\.m2\repository\org\openjfx\javafx-controls\19-ea+7\javafx-controls-19-ea+7-win.jar;C:\Users\haowe\.m2\repository\com\google\code\gson\gson\2.10.1\gson-2.10.1.jar;C:\Users\haowe\OneDrive\Documents\Unreal Projects\Frontend\target\classes;C:\Users\haowe\.m2\repository\org\controlsfx\controlsfx\11.1.1\controlsfx-11.1.1.jar;C:\Users\haowe\.m2\repository\org\openjfx\javafx-base\19-ea+7\javafx-base-19-ea+7-win.jar;C:\Users\haowe\.m2\repository\org\openjfx\javafx-fxml\19-ea+7\javafx-fxml-19-ea+7-win.jar;C:\Users\haowe\.m2\repository\org\openjfx\javafx-graphics\19-ea+7\javafx-graphics-19-ea+7-win.jar -Djdk.module.main=com.vanderlelie.frontend 
java_command: com.vanderlelie.frontend/com.vanderlelie.frontend.VanDerLelieClient
java_class_path (initial): C:\Users\haowe\.m2\repository\org\openjfx\javafx-controls\19-ea+7\javafx-controls-19-ea+7.jar;C:\Users\haowe\.m2\repository\org\openjfx\javafx-graphics\19-ea+7\javafx-graphics-19-ea+7.jar;C:\Users\haowe\.m2\repository\org\openjfx\javafx-base\19-ea+7\javafx-base-19-ea+7.jar;C:\Users\haowe\.m2\repository\org\openjfx\javafx-fxml\19-ea+7\javafx-fxml-19-ea+7.jar;C:\Users\haowe\.m2\repository\net\synedra\validatorfx\0.3.1\validatorfx-0.3.1.jar
Launcher Type: SUN_STANDARD

[Global flags]
     intx CICompilerCount                          = 4                                         {product} {ergonomic}
     uint ConcGCThreads                            = 2                                         {product} {ergonomic}
     uint G1ConcRefinementThreads                  = 8                                         {product} {ergonomic}
   size_t G1HeapRegionSize                         = 1048576                                   {product} {ergonomic}
    uintx GCDrainStackTargetSize                   = 64                                        {product} {ergonomic}
   size_t InitialHeapSize                          = 134217728                                 {product} {ergonomic}
   size_t MarkStackSize                            = 4194304                                   {product} {ergonomic}
   size_t MaxHeapSize                              = 2126512128                                {product} {ergonomic}
   size_t MinHeapDeltaBytes                        = 1048576                                   {product} {ergonomic}
   size_t MinHeapSize                              = 8388608                                   {product} {ergonomic}
    uintx NonNMethodCodeHeapSize                   = 5839372                                {pd product} {ergonomic}
    uintx NonProfiledCodeHeapSize                  = 122909434                              {pd product} {ergonomic}
    uintx ProfiledCodeHeapSize                     = 122909434                              {pd product} {ergonomic}
    uintx ReservedCodeCacheSize                    = 251658240                              {pd product} {ergonomic}
     bool SegmentedCodeCache                       = true                                      {product} {ergonomic}
   size_t SoftMaxHeapSize                          = 2126512128                             {manageable} {ergonomic}
     bool UseCompressedOops                        = true                           {product lp64_product} {ergonomic}
     bool UseG1GC                                  = true                                      {product} {ergonomic}
     bool UseLargePagesIndividualAllocation        = false                                  {pd product} {ergonomic}

Logging:
Log output configuration:
 #0: stdout all=warning uptime,level,tags foldmultilines=false
 #1: stderr all=off uptime,level,tags foldmultilines=false

Environment Variables:
JAVA_HOME=C:\Program Files\Java\jdk-17
PATH=C:\Program Files\Common Files\Oracle\Java\javapath;C:\WINDOWS\system32;C:\WINDOWS;C:\WINDOWS\System32\Wbem;C:\WINDOWS\System32\WindowsPowerShell\v1.0\;C:\WINDOWS\System32\OpenSSH\;C:\Program Files\dotnet\;C:\Program Files (x86)\Yarn\bin\;C:\Program Files\Microsoft SQL Server\130\Tools\Binn\;C:\Program Files\Docker\Docker\resources\bin;C:\Program Files\Git\cmd;C:\Program Files\MySQL\MySQL Shell 8.0\bin\;C:\Users\haowe\AppData\Local\Microsoft\WindowsApps;C:\Program Files\Java\jdk-11.0.1\bin;C:\Users\haowe\.dotnet\tools;C:\Users\haowe\AppData\Local\Yarn\bin;C:\Users\haowe\AppData\Local\Microsoft\WindowsApps;C:\Users\haowe\AppData\Local\Android\Sdk\platform-tools;C:\Users\haowe\AppData\Local\Android\Sdk\tools;C:\php;C:\Users\haowe\AppData\Local\GitHubDesktop\bin
USERNAME=haowe
OS=Windows_NT
PROCESSOR_IDENTIFIER=Intel64 Family 6 Model 142 Stepping 10, GenuineIntel
TMP=C:\Users\haowe\AppData\Local\Temp
TEMP=C:\Users\haowe\AppData\Local\Temp




Periodic native trim disabled

---------------  S Y S T E M  ---------------

OS:
 Windows 11 , 64 bit Build 22621 (10.0.22621.2428)
OS uptime: 0 days 15:22 hours
Hyper-V role detected

CPU: total 8 (initial active 8) (4 cores per cpu, 2 threads per core) family 6 model 142 stepping 10 microcode 0xf0, cx8, cmov, fxsr, ht, mmx, 3dnowpref, sse, sse2, sse3, ssse3, sse4.1, sse4.2, popcnt, lzcnt, tsc, tscinvbit, avx, avx2, aes, erms, clmul, bmi1, bmi2, adx, fma, vzeroupper, clflush, clflushopt, hv, rdtscp, f16c
Processor Information for all 8 processors :
  Max Mhz: 1800, Current Mhz: 1600, Mhz Limit: 1584

Memory: 4k page, system-wide physical 8109M (490M free)
TotalPageFile size 16514M (AvailPageFile size 94M)
current process WorkingSet (physical memory assigned to process): 11M, peak: 11M
current process commit charge ("private bytes"): 60M, peak: 188M

vm_info: OpenJDK 64-Bit Server VM (21.0.1+12-29) for windows-amd64 JRE (21.0.1+12-29), built on 2023-10-05T13:27:09Z by "mach5one" with MS VC++ 17.1 (VS2022)

END.
